9/2/14 10:02:00 PM - 10: org.apache.uima.analysis_engine.impl.PrimitiveAnalysisEngine_impl.callAnalysisComponentProcess(407): SEVERE: Exception occurred
org.apache.uima.analysis_engine.AnalysisEngineProcessException: Annotator processing failed.    
	at org.apache.uima.analysis_engine.impl.PrimitiveAnalysisEngine_impl.callAnalysisComponentProcess(PrimitiveAnalysisEngine_impl.java:391)
	at org.apache.uima.analysis_engine.impl.PrimitiveAnalysisEngine_impl.processAndOutputNewCASes(PrimitiveAnalysisEngine_impl.java:296)
	at org.apache.uima.analysis_engine.impl.AnalysisEngineImplBase.process(AnalysisEngineImplBase.java:267)
	at org.apache.uima.collection.impl.cpm.engine.ProcessingUnit.processNext(ProcessingUnit.java:897)
	at org.apache.uima.collection.impl.cpm.engine.ProcessingUnit.run(ProcessingUnit.java:577)
Caused by: java.lang.StringIndexOutOfBoundsException: String index out of range: 21
	at java.lang.String.substring(String.java:1934)
	at yanchenl.GeneCasConsumer.processCas(GeneCasConsumer.java:108)
	at org.apache.uima.analysis_engine.impl.compatibility.CasConsumerAdapter.process(CasConsumerAdapter.java:99)
	at org.apache.uima.analysis_engine.impl.PrimitiveAnalysisEngine_impl.callAnalysisComponentProcess(PrimitiveAnalysisEngine_impl.java:375)
	... 4 more

9/2/14 10:02:00 PM - 10: org.apache.uima.collection.impl.cpm.engine.ProcessingUnit.process: SEVERE: The container Gene CAS Consumer returned the following error message: Annotator processing failed.     (Thread Name: [Procesing Pipeline#1 Thread]::) 
9/2/14 10:02:00 PM - 10: org.apache.uima.collection.impl.cpm.engine.ProcessingUnit.maybeLogSevereException(2502): SEVERE: Thread: [Procesing Pipeline#1 Thread]::, message: Annotator processing failed.    
org.apache.uima.analysis_engine.AnalysisEngineProcessException: Annotator processing failed.    
	at org.apache.uima.analysis_engine.impl.PrimitiveAnalysisEngine_impl.callAnalysisComponentProcess(PrimitiveAnalysisEngine_impl.java:391)
	at org.apache.uima.analysis_engine.impl.PrimitiveAnalysisEngine_impl.processAndOutputNewCASes(PrimitiveAnalysisEngine_impl.java:296)
	at org.apache.uima.analysis_engine.impl.AnalysisEngineImplBase.process(AnalysisEngineImplBase.java:267)
	at org.apache.uima.collection.impl.cpm.engine.ProcessingUnit.processNext(ProcessingUnit.java:897)
	at org.apache.uima.collection.impl.cpm.engine.ProcessingUnit.run(ProcessingUnit.java:577)
Caused by: java.lang.StringIndexOutOfBoundsException: String index out of range: 21
	at java.lang.String.substring(String.java:1934)
	at yanchenl.GeneCasConsumer.processCas(GeneCasConsumer.java:108)
	at org.apache.uima.analysis_engine.impl.compatibility.CasConsumerAdapter.process(CasConsumerAdapter.java:99)
	at org.apache.uima.analysis_engine.impl.PrimitiveAnalysisEngine_impl.callAnalysisComponentProcess(PrimitiveAnalysisEngine_impl.java:375)
	... 4 more

9/2/14 10:02:03 PM - 10: org.apache.uima.collection.impl.cpm.container.ProcessingContainer_Impl.process: SEVERE: The CPM stopped because the configured error threshold 0 was exceeded. (Thread Name: [Procesing Pipeline#1 Thread]::) Component Name: Gene CAS Consumer 
9/2/14 10:02:03 PM - 10: org.apache.uima.collection.impl.cpm.engine.ProcessingUnit.process: SEVERE: The CPM is terminating. The current component is Gene CAS Consumer. (Thread Name: [Procesing Pipeline#1 Thread]::) 
9/2/14 10:02:03 PM - 10: org.apache.uima.collection.impl.cpm.engine.ProcessingUnit.process: WARNING: The CPM cannot be stopped by force. The current container is Gene CAS Consumer. (Thread Name: [Procesing Pipeline#1 Thread]::) Reason: The CAS processor Gene CAS Consumer is configured to stop the CPM when excessive errors are encountered.  (Thread Name: [Procesing Pipeline#1 Thread]::)
9/2/14 10:02:03 PM - 10: org.apache.uima.collection.impl.cpm.engine.ProcessingUnit.maybeLogSevereException(2502): SEVERE: Thread: [Procesing Pipeline#1 Thread]::, message: 
org.apache.uima.collection.base_cpm.AbortCPMException: 
	at org.apache.uima.collection.impl.cpm.container.ProcessingContainer_Impl.incrementCasProcessorErrors(ProcessingContainer_Impl.java:804)
	at org.apache.uima.collection.impl.cpm.engine.ProcessingUnit.processNext(ProcessingUnit.java:1041)
	at org.apache.uima.collection.impl.cpm.engine.ProcessingUnit.run(ProcessingUnit.java:577)

9/2/14 10:02:03 PM - 10: org.apache.uima.collection.impl.cpm.engine.CPMEngine.process: INFO: The collection reader thread state is: 1004 (Thread Name: [Procesing Pipeline#1 Thread]::) 
9/2/14 10:02:03 PM - 10: org.apache.uima.collection.impl.cpm.engine.CPMEngine.process: INFO: The CPM processing unit is 0 and processing state 2003. (Thread Name: [Procesing Pipeline#1 Thread]::)
9/2/14 10:02:03 PM - 10: org.apache.uima.collection.impl.cpm.engine.CPMEngine.process: INFO: The application stopped the CPM. (Thread Name: [Procesing Pipeline#1 Thread]::)
9/2/14 10:02:03 PM - 10: org.apache.uima.collection.impl.cpm.engine.CPMEngine.process: INFO: The CPM engine is stopping. An end-of-file token is added to the worker queue. (Thread Name: [Procesing Pipeline#1 Thread]::) Forced stop: true
